<?xml version="1.0" encoding="UTF-8"?>
<!-- Generated by org.testng.reporters.JUnitReportReporter -->
<testsuite hostname="MANISHSWIN10" failures="0" tests="1" name="com.mypackege.TC10_GoogleSearchInNewWindow" time="22.827" errors="0" timestamp="2021-12-23T13:51:20 IST" skipped="0">
  <testcase classname="com.mypackege.TC10_GoogleSearchInNewWindow" name="test" time="22.827"/>
  <system-out/>
</testsuite> <!-- com.mypackege.TC10_GoogleSearchInNewWindow -->
