<?xml version="1.0" encoding="UTF-8"?>
<!-- Generated by org.testng.reporters.JUnitReportReporter -->
<testsuite hostname="MANISHSWIN10" failures="0" tests="1" name="com.mypackege.TC01_SwagLabs" time="5.900" errors="0" timestamp="2021-12-23T13:51:20 IST" skipped="0">
  <testcase classname="com.mypackege.TC01_SwagLabs" name="test" time="5.900"/>
  <system-out/>
</testsuite> <!-- com.mypackege.TC01_SwagLabs -->
