<?xml version="1.0" encoding="UTF-8"?>
<!-- Generated by org.testng.reporters.JUnitReportReporter -->
<testsuite hostname="MANISHSWIN10" failures="0" tests="1" name="com.mypackege.TC13_Frames" time="1.700" errors="0" timestamp="2021-12-23T18:09:14 IST" skipped="0">
  <testcase classname="com.mypackege.TC13_Frames" name="test" time="1.700"/>
  <system-out/>
</testsuite> <!-- com.mypackege.TC13_Frames -->
