<?xml version="1.0" encoding="UTF-8"?>
<!-- Generated by org.testng.reporters.JUnitReportReporter -->
<testsuite hostname="MANISHSWIN10" failures="0" tests="1" name="com.mypackege.TC05_FlipKart" time="10.291" errors="0" timestamp="2021-12-23T18:02:13 IST" skipped="0">
  <testcase classname="com.mypackege.TC05_FlipKart" name="test" time="10.291"/>
  <system-out/>
</testsuite> <!-- com.mypackege.TC05_FlipKart -->
