<?xml version="1.0" encoding="UTF-8"?>
<!-- Generated by org.testng.reporters.JUnitReportReporter -->
<testsuite hostname="MANISHSWIN10" failures="0" tests="1" name="com.mypackege.TC07_GoogleLinks" time="8.889" errors="0" timestamp="2021-12-23T13:51:20 IST" skipped="0">
  <testcase classname="com.mypackege.TC07_GoogleLinks" name="test" time="8.889"/>
  <system-out/>
</testsuite> <!-- com.mypackege.TC07_GoogleLinks -->
