<?xml version="1.0" encoding="UTF-8"?>
<!-- Generated by org.testng.reporters.JUnitReportReporter -->
<testsuite hostname="MANISHSWIN10" failures="0" tests="1" name="com.mypackege.TC03_Gmail" time="28.702" errors="0" timestamp="2021-12-24T12:15:53 IST" skipped="0">
  <testcase classname="com.mypackege.TC03_Gmail" name="test" time="28.702"/>
  <system-out/>
</testsuite> <!-- com.mypackege.TC03_Gmail -->
