<?xml version="1.0" encoding="UTF-8"?>
<!-- Generated by org.testng.reporters.JUnitReportReporter -->
<testsuite hostname="MANISHSWIN10" failures="0" tests="1" name="com.mypackege.TC12_POIBrowser" time="38.766" errors="0" timestamp="2021-12-24T12:29:28 IST" skipped="0">
  <testcase classname="com.mypackege.TC12_POIBrowser" name="test" time="38.766"/>
  <system-out/>
</testsuite> <!-- com.mypackege.TC12_POIBrowser -->
