<?xml version="1.0" encoding="UTF-8"?>
<!-- Generated by org.testng.reporters.JUnitReportReporter -->
<testsuite hostname="MANISHSWIN10" failures="0" tests="1" name="com.mypackege.TC02_ImgBB" time="2.067" errors="0" timestamp="2021-12-24T12:29:28 IST" skipped="0">
  <testcase classname="com.mypackege.TC02_ImgBB" name="test" time="2.067"/>
  <system-out/>
</testsuite> <!-- com.mypackege.TC02_ImgBB -->
