<?xml version="1.0" encoding="UTF-8"?>
<!-- Generated by org.testng.reporters.JUnitReportReporter -->
<testsuite hostname="MANISHSWIN10" failures="0" tests="1" name="com.mypackege.TC11_Goibibo" time="7.718" errors="0" timestamp="2021-12-24T12:29:28 IST" skipped="0">
  <testcase classname="com.mypackege.TC11_Goibibo" name="test" time="7.718"/>
  <system-out/>
</testsuite> <!-- com.mypackege.TC11_Goibibo -->
