<?xml version="1.0" encoding="UTF-8"?>
<!-- Generated by org.testng.reporters.JUnitReportReporter -->
<testsuite hostname="MANISHSWIN10" failures="0" tests="1" name="com.mypackege.TC08_SeleniumSearch" time="5.877" errors="0" timestamp="2021-12-24T12:29:28 IST" skipped="0">
  <testcase classname="com.mypackege.TC08_SeleniumSearch" name="test" time="5.877"/>
  <system-out/>
</testsuite> <!-- com.mypackege.TC08_SeleniumSearch -->
